2024-08-25 12:40:52 root         INFO     Starting sales producer
2024-08-25 12:40:52 root         INFO     Produced {'seller_id': 'LNK', 'amount_usd': 615, 'sale_ts': 1724589652059} to topic sales-usd partition 0 offset 9
2024-08-25 12:40:57 root         INFO     Produced {'seller_id': 'OMA', 'amount_usd': 947, 'sale_ts': 1724589657305} to topic sales-usd partition 0 offset 19
2024-08-25 12:41:02 root         INFO     Produced {'seller_id': 'KC', 'amount_usd': 377, 'sale_ts': 1724589662510} to topic sales-usd partition 0 offset 29
2024-08-25 12:41:07 root         INFO     Produced {'seller_id': 'DEN', 'amount_usd': 795, 'sale_ts': 1724589667713} to topic sales-usd partition 0 offset 39
2024-08-25 12:41:13 root         INFO     Produced {'seller_id': 'KC', 'amount_usd': 524, 'sale_ts': 1724589672916} to topic sales-usd partition 0 offset 49
2024-08-25 12:41:18 root         INFO     Produced {'seller_id': 'LNK', 'amount_usd': 828, 'sale_ts': 1724589678119} to topic sales-usd partition 0 offset 59
2024-08-25 12:41:23 root         INFO     Produced {'seller_id': 'KC', 'amount_usd': 121, 'sale_ts': 1724589683324} to topic sales-usd partition 0 offset 69
2024-08-25 12:41:28 root         INFO     Produced {'seller_id': 'DEN', 'amount_usd': 956, 'sale_ts': 1724589688527} to topic sales-usd partition 0 offset 79
2024-08-25 12:41:33 root         INFO     Produced {'seller_id': 'DEN', 'amount_usd': 182, 'sale_ts': 1724589693731} to topic sales-usd partition 0 offset 89
2024-08-25 12:41:39 root         INFO     Produced {'seller_id': 'LNK', 'amount_usd': 617, 'sale_ts': 1724589698934} to topic sales-usd partition 0 offset 99
2024-08-25 12:41:44 root         INFO     Produced {'seller_id': 'OMA', 'amount_usd': 205, 'sale_ts': 1724589704136} to topic sales-usd partition 0 offset 109
2024-08-25 12:41:49 root         INFO     Produced {'seller_id': 'KC', 'amount_usd': 964, 'sale_ts': 1724589709339} to topic sales-usd partition 0 offset 119
2024-08-25 12:41:54 root         INFO     Produced {'seller_id': 'OMA', 'amount_usd': 291, 'sale_ts': 1724589714542} to topic sales-usd partition 0 offset 129
2024-08-25 12:41:59 root         INFO     Produced {'seller_id': 'KC', 'amount_usd': 451, 'sale_ts': 1724589719745} to topic sales-usd partition 0 offset 139
2024-08-25 12:42:05 root         INFO     Produced {'seller_id': 'DEN', 'amount_usd': 226, 'sale_ts': 1724589724948} to topic sales-usd partition 0 offset 149
2024-08-25 12:42:10 root         INFO     Produced {'seller_id': 'DEN', 'amount_usd': 377, 'sale_ts': 1724589730151} to topic sales-usd partition 0 offset 159
2024-08-25 12:42:15 root         INFO     Produced {'seller_id': 'KC', 'amount_usd': 288, 'sale_ts': 1724589735354} to topic sales-usd partition 0 offset 169
2024-08-25 12:42:20 root         INFO     Produced {'seller_id': 'OMA', 'amount_usd': 668, 'sale_ts': 1724589740562} to topic sales-usd partition 0 offset 179
2024-08-25 12:42:25 root         INFO     Produced {'seller_id': 'OMA', 'amount_usd': 284, 'sale_ts': 1724589745766} to topic sales-usd partition 0 offset 189
2024-08-25 12:42:31 root         INFO     Produced {'seller_id': 'OMA', 'amount_usd': 200, 'sale_ts': 1724589750971} to topic sales-usd partition 0 offset 199
2024-08-25 12:42:36 root         INFO     Produced {'seller_id': 'DEN', 'amount_usd': 260, 'sale_ts': 1724589756174} to topic sales-usd partition 0 offset 209
2024-08-25 12:42:41 root         INFO     Produced {'seller_id': 'LNK', 'amount_usd': 304, 'sale_ts': 1724589761377} to topic sales-usd partition 0 offset 219
2024-08-25 12:42:46 root         INFO     Produced {'seller_id': 'DEN', 'amount_usd': 536, 'sale_ts': 1724589766580} to topic sales-usd partition 0 offset 229
2024-08-25 12:42:51 root         INFO     Produced {'seller_id': 'LNK', 'amount_usd': 943, 'sale_ts': 1724589771783} to topic sales-usd partition 0 offset 239
2024-08-25 12:42:57 root         INFO     Produced {'seller_id': 'KC', 'amount_usd': 149, 'sale_ts': 1724589776986} to topic sales-usd partition 0 offset 249
2024-08-25 12:43:02 root         INFO     Produced {'seller_id': 'DEN', 'amount_usd': 771, 'sale_ts': 1724589782189} to topic sales-usd partition 0 offset 259
2024-08-25 12:43:07 root         INFO     Produced {'seller_id': 'LNK', 'amount_usd': 946, 'sale_ts': 1724589787393} to topic sales-usd partition 0 offset 269
2024-08-25 12:43:12 root         INFO     Produced {'seller_id': 'LNK', 'amount_usd': 734, 'sale_ts': 1724589792596} to topic sales-usd partition 0 offset 279
2024-08-25 12:43:18 root         INFO     Produced {'seller_id': 'OMA', 'amount_usd': 356, 'sale_ts': 1724589797799} to topic sales-usd partition 0 offset 289
2024-08-25 12:43:23 root         INFO     Produced {'seller_id': 'LNK', 'amount_usd': 869, 'sale_ts': 1724589803001} to topic sales-usd partition 0 offset 299
2024-08-25 12:43:28 root         INFO     Produced {'seller_id': 'KC', 'amount_usd': 220, 'sale_ts': 1724589808204} to topic sales-usd partition 0 offset 309
2024-08-25 12:43:33 root         INFO     Produced {'seller_id': 'KC', 'amount_usd': 350, 'sale_ts': 1724589813408} to topic sales-usd partition 0 offset 319
2024-08-25 12:43:38 root         INFO     Produced {'seller_id': 'OMA', 'amount_usd': 185, 'sale_ts': 1724589818611} to topic sales-usd partition 0 offset 329
2024-08-25 12:43:44 root         INFO     Produced {'seller_id': 'LNK', 'amount_usd': 212, 'sale_ts': 1724589823814} to topic sales-usd partition 0 offset 339
2024-08-25 12:43:49 root         INFO     Produced {'seller_id': 'DEN', 'amount_usd': 363, 'sale_ts': 1724589829018} to topic sales-usd partition 0 offset 349
2024-08-25 12:43:54 root         INFO     Produced {'seller_id': 'DEN', 'amount_usd': 942, 'sale_ts': 1724589834223} to topic sales-usd partition 0 offset 359
2024-08-25 12:43:59 root         INFO     Produced {'seller_id': 'LNK', 'amount_usd': 253, 'sale_ts': 1724589839426} to topic sales-usd partition 0 offset 369
2024-08-25 12:44:04 root         INFO     Produced {'seller_id': 'LNK', 'amount_usd': 716, 'sale_ts': 1724589844628} to topic sales-usd partition 0 offset 379
2024-08-25 12:44:10 root         INFO     Produced {'seller_id': 'OMA', 'amount_usd': 880, 'sale_ts': 1724589849831} to topic sales-usd partition 0 offset 389
2024-08-25 12:44:15 root         INFO     Produced {'seller_id': 'KC', 'amount_usd': 776, 'sale_ts': 1724589855033} to topic sales-usd partition 0 offset 399
2024-08-25 12:44:20 root         INFO     Produced {'seller_id': 'KC', 'amount_usd': 724, 'sale_ts': 1724589860236} to topic sales-usd partition 0 offset 409
2024-08-25 12:44:25 root         INFO     Produced {'seller_id': 'LNK', 'amount_usd': 128, 'sale_ts': 1724589865440} to topic sales-usd partition 0 offset 419
2024-08-25 12:44:30 root         INFO     Produced {'seller_id': 'LNK', 'amount_usd': 820, 'sale_ts': 1724589870646} to topic sales-usd partition 0 offset 429
2024-08-25 12:44:36 root         INFO     Produced {'seller_id': 'DEN', 'amount_usd': 343, 'sale_ts': 1724589875850} to topic sales-usd partition 0 offset 439
2024-08-25 12:44:41 root         INFO     Produced {'seller_id': 'LNK', 'amount_usd': 634, 'sale_ts': 1724589881052} to topic sales-usd partition 0 offset 449
2024-08-25 12:44:46 root         INFO     Produced {'seller_id': 'KC', 'amount_usd': 729, 'sale_ts': 1724589886256} to topic sales-usd partition 0 offset 459
2024-08-25 12:44:51 root         INFO     Produced {'seller_id': 'KC', 'amount_usd': 456, 'sale_ts': 1724589891458} to topic sales-usd partition 0 offset 469
2024-08-25 12:44:56 root         INFO     Produced {'seller_id': 'OMA', 'amount_usd': 554, 'sale_ts': 1724589896660} to topic sales-usd partition 0 offset 479
2024-08-25 12:45:02 root         INFO     Produced {'seller_id': 'DEN', 'amount_usd': 359, 'sale_ts': 1724589901863} to topic sales-usd partition 0 offset 489
2024-08-25 12:45:07 root         INFO     Produced {'seller_id': 'LNK', 'amount_usd': 535, 'sale_ts': 1724589907067} to topic sales-usd partition 0 offset 499
2024-08-25 12:45:12 root         INFO     Produced {'seller_id': 'LNK', 'amount_usd': 567, 'sale_ts': 1724589912270} to topic sales-usd partition 0 offset 509
2024-08-25 12:45:17 root         INFO     Produced {'seller_id': 'DEN', 'amount_usd': 226, 'sale_ts': 1724589917473} to topic sales-usd partition 0 offset 519
2024-08-25 12:45:22 root         INFO     Produced {'seller_id': 'KC', 'amount_usd': 295, 'sale_ts': 1724589922677} to topic sales-usd partition 0 offset 529
2024-08-25 12:45:28 root         INFO     Produced {'seller_id': 'LNK', 'amount_usd': 842, 'sale_ts': 1724589927879} to topic sales-usd partition 0 offset 539
2024-08-25 12:45:33 root         INFO     Produced {'seller_id': 'KC', 'amount_usd': 699, 'sale_ts': 1724589933082} to topic sales-usd partition 0 offset 549
2024-08-25 12:45:38 root         INFO     Produced {'seller_id': 'LNK', 'amount_usd': 768, 'sale_ts': 1724589938285} to topic sales-usd partition 0 offset 559
2024-08-25 12:45:43 root         INFO     Produced {'seller_id': 'OMA', 'amount_usd': 845, 'sale_ts': 1724589943487} to topic sales-usd partition 0 offset 569
2024-08-25 12:45:48 root         INFO     Produced {'seller_id': 'OMA', 'amount_usd': 728, 'sale_ts': 1724589948691} to topic sales-usd partition 0 offset 579
2024-08-25 12:45:54 root         INFO     Produced {'seller_id': 'KC', 'amount_usd': 985, 'sale_ts': 1724589953896} to topic sales-usd partition 0 offset 589
2024-08-25 12:45:59 root         INFO     Produced {'seller_id': 'OMA', 'amount_usd': 899, 'sale_ts': 1724589959110} to topic sales-usd partition 0 offset 599
2024-08-25 12:46:04 root         INFO     Produced {'seller_id': 'OMA', 'amount_usd': 354, 'sale_ts': 1724589964314} to topic sales-usd partition 0 offset 609
2024-08-25 12:46:09 root         INFO     Produced {'seller_id': 'OMA', 'amount_usd': 582, 'sale_ts': 1724589969516} to topic sales-usd partition 0 offset 619
2024-08-25 12:46:14 root         INFO     Produced {'seller_id': 'DEN', 'amount_usd': 459, 'sale_ts': 1724589974720} to topic sales-usd partition 0 offset 629
2024-08-25 12:46:20 root         INFO     Produced {'seller_id': 'OMA', 'amount_usd': 939, 'sale_ts': 1724589979923} to topic sales-usd partition 0 offset 639
2024-08-25 12:46:25 root         INFO     Produced {'seller_id': 'OMA', 'amount_usd': 678, 'sale_ts': 1724589985127} to topic sales-usd partition 0 offset 649
2024-08-25 12:46:30 root         INFO     Produced {'seller_id': 'LNK', 'amount_usd': 706, 'sale_ts': 1724589990329} to topic sales-usd partition 0 offset 659
2024-08-25 12:46:35 root         INFO     Produced {'seller_id': 'OMA', 'amount_usd': 251, 'sale_ts': 1724589995532} to topic sales-usd partition 0 offset 669
2024-08-25 12:46:40 root         INFO     Produced {'seller_id': 'LNK', 'amount_usd': 895, 'sale_ts': 1724590000734} to topic sales-usd partition 0 offset 679
2024-08-25 12:46:46 root         INFO     Produced {'seller_id': 'KC', 'amount_usd': 811, 'sale_ts': 1724590005937} to topic sales-usd partition 0 offset 689
2024-08-25 12:46:51 root         INFO     Produced {'seller_id': 'DEN', 'amount_usd': 456, 'sale_ts': 1724590011139} to topic sales-usd partition 0 offset 699
2024-08-25 12:46:56 root         INFO     Produced {'seller_id': 'OMA', 'amount_usd': 754, 'sale_ts': 1724590016343} to topic sales-usd partition 0 offset 709
2024-08-25 12:47:01 root         INFO     Produced {'seller_id': 'DEN', 'amount_usd': 136, 'sale_ts': 1724590021545} to topic sales-usd partition 0 offset 719
2024-08-25 12:47:06 root         INFO     Produced {'seller_id': 'LNK', 'amount_usd': 246, 'sale_ts': 1724590026748} to topic sales-usd partition 0 offset 729
2024-08-25 12:47:12 root         INFO     Produced {'seller_id': 'KC', 'amount_usd': 938, 'sale_ts': 1724590031950} to topic sales-usd partition 0 offset 739
2024-08-25 12:47:17 root         INFO     Produced {'seller_id': 'OMA', 'amount_usd': 574, 'sale_ts': 1724590037152} to topic sales-usd partition 0 offset 749
2024-08-25 12:47:22 root         INFO     Produced {'seller_id': 'OMA', 'amount_usd': 695, 'sale_ts': 1724590042354} to topic sales-usd partition 0 offset 759
